# JRE version: OpenJDK Runtime Environment Microsoft-7208460 (11.0.18+10) (build 11.0.18+10-LTS)
# Java VM: OpenJDK 64-Bit Server VM Microsoft-7208460 (11.0.18+10-LTS, mixed mode, tiered, compressed oops, g1 gc, windows-amd64)
Heap:
 garbage-first heap   total 92160K, used 66143K [0x0000000080000000, 0x0000000100000000)
  region size 1024K, 4 young (4096K), 2 survivors (2048K)
 Metaspace       used 76355K, capacity 78889K, committed 78928K, reserved 585728K
  class space    used 9950K, capacity 10993K, committed 11008K, reserved 516096K
GC Heap History (20 events):
Event: 74.645 GC heap before
{Heap before GC invocations=28 (full 0):
 garbage-first heap   total 92160K, used 76005K [0x0000000080000000, 0x0000000100000000)
  region size 1024K, 28 young (28672K), 4 survivors (4096K)
 Metaspace       used 66709K, capacity 68735K, committed 68944K, reserved 577536K
  class space    used 8652K, capacity 9427K, committed 9472K, reserved 516096K
}
Event: 74.656 GC heap after
{Heap after GC invocations=29 (full 0):
 garbage-first heap   total 92160K, used 54048K [0x0000000080000000, 0x0000000100000000)
  region size 1024K, 2 young (2048K), 2 survivors (2048K)
 Metaspace       used 66709K, capacity 68735K, committed 68944K, reserved 577536K
  class space    used 8652K, capacity 9427K, committed 9472K, reserved 516096K
}
Event: 75.331 GC heap before
{Heap before GC invocations=30 (full 0):
 garbage-first heap   total 92160K, used 76576K [0x0000000080000000, 0x0000000100000000)
  region size 1024K, 24 young (24576K), 2 survivors (2048K)
 Metaspace       used 67718K, capacity 69747K, committed 69968K, reserved 577536K
  class space    used 8817K, capacity 9654K, committed 9728K, reserved 516096K
}
Event: 75.337 GC heap after
{Heap after GC invocations=31 (full 0):
 garbage-first heap   total 92160K, used 55261K [0x0000000080000000, 0x0000000100000000)
  region size 1024K, 3 young (3072K), 3 survivors (3072K)
 Metaspace       used 67718K, capacity 69747K, committed 69968K, reserved 577536K
  class space    used 8817K, capacity 9654K, committed 9728K, reserved 516096K
}
Event: 77.255 GC heap before
{Heap before GC invocations=31 (full 0):
 garbage-first heap   total 92160K, used 76765K [0x0000000080000000, 0x0000000100000000)
  region size 1024K, 24 young (24576K), 3 survivors (3072K)
 Metaspace       used 69054K, capacity 71074K, committed 71120K, reserved 577536K
  class space    used 8971K, capacity 9831K, committed 9856K, reserved 516096K
}
Event: 77.278 GC heap after
{Heap after GC invocations=32 (full 0):
 garbage-first heap   total 92160K, used 56764K [0x0000000080000000, 0x0000000100000000)
  region size 1024K, 3 young (3072K), 3 survivors (3072K)
 Metaspace       used 69054K, capacity 71074K, committed 71120K, reserved 577536K
  class space    used 8971K, capacity 9831K, committed 9856K, reserved 516096K
}
Event: 79.202 GC heap before
{Heap before GC invocations=33 (full 0):
 garbage-first heap   total 92160K, used 76220K [0x0000000080000000, 0x0000000100000000)
  region size 1024K, 23 young (23552K), 3 survivors (3072K)
 Metaspace       used 70745K, capacity 72941K, committed 73296K, reserved 579584K
  class space    used 9229K, capacity 10127K, committed 10240K, reserved 516096K
}
Event: 79.224 GC heap after
{Heap after GC invocations=34 (full 0):
 garbage-first heap   total 92160K, used 59163K [0x0000000080000000, 0x0000000100000000)
  region size 1024K, 3 young (3072K), 3 survivors (3072K)
 Metaspace       used 70745K, capacity 72941K, committed 73296K, reserved 579584K
  class space    used 9229K, capacity 10127K, committed 10240K, reserved 516096K
}
Event: 80.446 GC heap before
{Heap before GC invocations=34 (full 0):
 garbage-first heap   total 92160K, used 75547K [0x0000000080000000, 0x0000000100000000)
  region size 1024K, 20 young (20480K), 3 survivors (3072K)
 Metaspace       used 71997K, capacity 74157K, committed 74448K, reserved 581632K
  class space    used 9361K, capacity 10255K, committed 10368K, reserved 516096K
}
Event: 80.458 GC heap after
{Heap after GC invocations=35 (full 0):
 garbage-first heap   total 92160K, used 60704K [0x0000000080000000, 0x0000000100000000)
  region size 1024K, 2 young (2048K), 2 survivors (2048K)
 Metaspace       used 71997K, capacity 74157K, committed 74448K, reserved 581632K
  class space    used 9361K, capacity 10255K, committed 10368K, reserved 516096K
}
Event: 81.309 GC heap before
{Heap before GC invocations=36 (full 0):
 garbage-first heap   total 92160K, used 77088K [0x0000000080000000, 0x0000000100000000)
  region size 1024K, 18 young (18432K), 2 survivors (2048K)
 Metaspace       used 73361K, capacity 75560K, committed 75856K, reserved 581632K
  class space    used 9535K, capacity 10422K, committed 10496K, reserved 516096K
}
Event: 81.315 GC heap after
{Heap after GC invocations=37 (full 0):
 garbage-first heap   total 92160K, used 61841K [0x0000000080000000, 0x0000000100000000)
  region size 1024K, 3 young (3072K), 3 survivors (3072K)
 Metaspace       used 73361K, capacity 75560K, committed 75856K, reserved 581632K
  class space    used 9535K, capacity 10422K, committed 10496K, reserved 516096K
}
Event: 114.013 GC heap before
{Heap before GC invocations=37 (full 0):
 garbage-first heap   total 92160K, used 77201K [0x0000000080000000, 0x0000000100000000)
  region size 1024K, 18 young (18432K), 3 survivors (3072K)
 Metaspace       used 75791K, capacity 78384K, committed 78672K, reserved 585728K
  class space    used 9894K, capacity 10895K, committed 11008K, reserved 516096K
}
Event: 114.193 GC heap after
{Heap after GC invocations=38 (full 0):
 garbage-first heap   total 92160K, used 62808K [0x0000000080000000, 0x0000000100000000)
  region size 1024K, 3 young (3072K), 3 survivors (3072K)
 Metaspace       used 75791K, capacity 78384K, committed 78672K, reserved 585728K
  class space    used 9894K, capacity 10895K, committed 11008K, reserved 516096K
}
Event: 121.261 GC heap before
{Heap before GC invocations=39 (full 0):
 garbage-first heap   total 92160K, used 77144K [0x0000000080000000, 0x0000000100000000)
  region size 1024K, 18 young (18432K), 3 survivors (3072K)
 Metaspace       used 76186K, capacity 78753K, committed 78928K, reserved 585728K
  class space    used 9938K, capacity 10950K, committed 11008K, reserved 516096K
}
Event: 121.279 GC heap after
{Heap after GC invocations=40 (full 0):
 garbage-first heap   total 92160K, used 64899K [0x0000000080000000, 0x0000000100000000)
  region size 1024K, 3 young (3072K), 3 survivors (3072K)
 Metaspace       used 76186K, capacity 78753K, committed 78928K, reserved 585728K
  class space    used 9938K, capacity 10950K, committed 11008K, reserved 516096K
}
Event: 121.354 GC heap before
{Heap before GC invocations=40 (full 0):
 garbage-first heap   total 92160K, used 64899K [0x0000000080000000, 0x0000000100000000)
  region size 1024K, 4 young (4096K), 3 survivors (3072K)
 Metaspace       used 76197K, capacity 78756K, committed 78928K, reserved 585728K
  class space    used 9939K, capacity 10951K, committed 11008K, reserved 516096K
}
Event: 121.376 GC heap after
{Heap after GC invocations=41 (full 0):
 garbage-first heap   total 92160K, used 64086K [0x0000000080000000, 0x0000000100000000)
  region size 1024K, 1 young (1024K), 1 survivors (1024K)
 Metaspace       used 76197K, capacity 78756K, committed 78928K, reserved 585728K
  class space    used 9939K, capacity 10951K, committed 11008K, reserved 516096K
}
Event: 122.346 GC heap before
{Heap before GC invocations=41 (full 0):
 garbage-first heap   total 92160K, used 71254K [0x0000000080000000, 0x0000000100000000)
  region size 1024K, 9 young (9216K), 1 survivors (1024K)
 Metaspace       used 76276K, capacity 78777K, committed 78928K, reserved 585728K
  class space    used 9941K, capacity 10953K, committed 11008K, reserved 516096K
}
Event: 122.352 GC heap after
{Heap after GC invocations=42 (full 0):
 garbage-first heap   total 92160K, used 65119K [0x0000000080000000, 0x0000000100000000)
  region size 1024K, 2 young (2048K), 2 survivors (2048K)
 Metaspace       used 76276K, capacity 78777K, committed 78928K, reserved 585728K
  class space    used 9941K, capacity 10953K, committed 11008K, reserved 516096K
}

